{
  "D:/RSSchool React/rss-react/react-module01/src/store/userSlice.ts": {
    "path": "D:/RSSchool React/rss-react/react-module01/src/store/userSlice.ts",
    "statementMap": {
      "0": {
        "start": {
          "line": 2,
          "column": 21
        },
        "end": {
          "line": 5,
          "column": 1
        }
      },
      "1": {
        "start": {
          "line": 6,
          "column": 18
        },
        "end": {
          "line": 23,
          "column": 2
        }
      },
      "2": {
        "start": {
          "line": 11,
          "column": 6
        },
        "end": {
          "line": 17,
          "column": 9
        }
      },
      "3": {
        "start": {
          "line": 20,
          "column": 6
        },
        "end": {
          "line": 20,
          "column": 42
        }
      },
      "4": {
        "start": {
          "line": 24,
          "column": 45
        },
        "end": {
          "line": 24,
          "column": 62
        }
      }
    },
    "fnMap": {
      "0": {
        "name": "(anonymous_0)",
        "decl": {
          "start": {
            "line": 10,
            "column": 4
          },
          "end": {
            "line": 10,
            "column": 5
          }
        },
        "loc": {
          "start": {
            "line": 10,
            "column": 27
          },
          "end": {
            "line": 18,
            "column": 5
          }
        },
        "line": 10
      },
      "1": {
        "name": "(anonymous_1)",
        "decl": {
          "start": {
            "line": 19,
            "column": 4
          },
          "end": {
            "line": 19,
            "column": 5
          }
        },
        "loc": {
          "start": {
            "line": 19,
            "column": 36
          },
          "end": {
            "line": 21,
            "column": 5
          }
        },
        "line": 19
      }
    },
    "branchMap": {},
    "s": {
      "0": 6,
      "1": 6,
      "2": 0,
      "3": 0,
      "4": 6
    },
    "f": {
      "0": 0,
      "1": 0
    },
    "b": {},
    "inputSourceMap": {
      "version": 3,
      "sources": [
        "D:/RSSchool React/rss-react/react-module01/src/store/userSlice.ts"
      ],
      "mappings": "AAAA,SAAwB,mBAAmB;AAQ3C,MAAM,eAA0B;AAAA,EAC9B,OAAO,CAAC;AAAA,EACR,cAAc;AAChB;AAEA,MAAM,YAAY,YAAY;AAAA,EAC5B,MAAM;AAAA,EACN;AAAA,EACA,UAAU;AAAA,IACR,QAAQ,OAAO,QAAuC;AACpD,YAAM,MAAM,KAAK;AAAA,QACf,UAAU,OAAO,QAAQ;AAAA,QACzB,UAAU,OAAO,QAAQ;AAAA,QACzB,SAAS,OAAO,QAAQ;AAAA,QACxB,QAAQ,OAAO,QAAQ;AAAA,QACvB,OAAO,OAAO,QAAQ;AAAA,MACxB,CAAC;AAAA,IACH;AAAA,IACA,iBAAiB,OAAO,QAA+B;AACrD,YAAM,eAAe,OAAO;AAAA,IAC9B;AAAA,EACF;AACF,CAAC;AAEM,aAAM,EAAE,SAAS,iBAAiB,IAAI,UAAU;AAEvD,eAAe,UAAU;",
      "names": []
    },
    "_coverageSchema": "1a1c01bbd47fc00a2c39e90264f33305004495a9",
    "hash": "238332ba9228bbd978d21e20cf84651e11179e5e"
  },
  "D:/RSSchool React/rss-react/react-module01/src/store/tileSlice.ts": {
    "path": "D:/RSSchool React/rss-react/react-module01/src/store/tileSlice.ts",
    "statementMap": {
      "0": {
        "start": {
          "line": 2,
          "column": 21
        },
        "end": {
          "line": 5,
          "column": 1
        }
      },
      "1": {
        "start": {
          "line": 6,
          "column": 18
        },
        "end": {
          "line": 14,
          "column": 2
        }
      },
      "2": {
        "start": {
          "line": 11,
          "column": 6
        },
        "end": {
          "line": 11,
          "column": 41
        }
      },
      "3": {
        "start": {
          "line": 15,
          "column": 34
        },
        "end": {
          "line": 15,
          "column": 51
        }
      }
    },
    "fnMap": {
      "0": {
        "name": "(anonymous_0)",
        "decl": {
          "start": {
            "line": 10,
            "column": 4
          },
          "end": {
            "line": 10,
            "column": 5
          }
        },
        "loc": {
          "start": {
            "line": 10,
            "column": 34
          },
          "end": {
            "line": 12,
            "column": 5
          }
        },
        "line": 10
      }
    },
    "branchMap": {},
    "s": {
      "0": 6,
      "1": 6,
      "2": 2,
      "3": 6
    },
    "f": {
      "0": 2
    },
    "b": {},
    "inputSourceMap": {
      "version": 3,
      "sources": [
        "D:/RSSchool React/rss-react/react-module01/src/store/tileSlice.ts"
      ],
      "mappings": "AAAA,SAAwB,mBAAmB;AAQ3C,MAAM,eAA0B;AAAA,EAC9B,QAAQ,CAAC;AAAA,EACT,aAAa;AACf;AAEA,MAAM,YAAY,YAAY;AAAA,EAC5B,MAAM;AAAA,EACN;AAAA,EACA,UAAU;AAAA,IACR,eAAe,OAAO,QAA+B;AACnD,YAAM,cAAc,OAAO;AAAA,IAC7B;AAAA,EACF;AACF,CAAC;AAEM,aAAM,EAAE,eAAe,IAAI,UAAU;AAE5C,eAAe,UAAU;",
      "names": []
    },
    "_coverageSchema": "1a1c01bbd47fc00a2c39e90264f33305004495a9",
    "hash": "363dcb47d53becbb85126041cd46f3a0d4f77bd6"
  },
  "D:/RSSchool React/rss-react/react-module01/src/api/api.ts": {
    "path": "D:/RSSchool React/rss-react/react-module01/src/api/api.ts",
    "statementMap": {
      "0": {
        "start": {
          "line": 2,
          "column": 17
        },
        "end": {
          "line": 2,
          "column": 60
        }
      },
      "1": {
        "start": {
          "line": 3,
          "column": 29
        },
        "end": {
          "line": 14,
          "column": 2
        }
      },
      "2": {
        "start": {
          "line": 6,
          "column": 25
        },
        "end": {
          "line": 13,
          "column": 3
        }
      },
      "3": {
        "start": {
          "line": 8,
          "column": 28
        },
        "end": {
          "line": 8,
          "column": 57
        }
      },
      "4": {
        "start": {
          "line": 11,
          "column": 21
        },
        "end": {
          "line": 11,
          "column": 29
        }
      },
      "5": {
        "start": {
          "line": 15,
          "column": 73
        },
        "end": {
          "line": 15,
          "column": 86
        }
      }
    },
    "fnMap": {
      "0": {
        "name": "(anonymous_0)",
        "decl": {
          "start": {
            "line": 6,
            "column": 13
          },
          "end": {
            "line": 6,
            "column": 14
          }
        },
        "loc": {
          "start": {
            "line": 6,
            "column": 25
          },
          "end": {
            "line": 13,
            "column": 3
          }
        },
        "line": 6
      },
      "1": {
        "name": "(anonymous_1)",
        "decl": {
          "start": {
            "line": 8,
            "column": 13
          },
          "end": {
            "line": 8,
            "column": 14
          }
        },
        "loc": {
          "start": {
            "line": 8,
            "column": 28
          },
          "end": {
            "line": 8,
            "column": 57
          }
        },
        "line": 8
      },
      "2": {
        "name": "(anonymous_2)",
        "decl": {
          "start": {
            "line": 11,
            "column": 13
          },
          "end": {
            "line": 11,
            "column": 14
          }
        },
        "loc": {
          "start": {
            "line": 11,
            "column": 21
          },
          "end": {
            "line": 11,
            "column": 29
          }
        },
        "line": 11
      }
    },
    "branchMap": {
      "0": {
        "loc": {
          "start": {
            "line": 8,
            "column": 14
          },
          "end": {
            "line": 8,
            "column": 23
          }
        },
        "type": "default-arg",
        "locations": [
          {
            "start": {
              "line": 8,
              "column": 21
            },
            "end": {
              "line": 8,
              "column": 23
            }
          }
        ],
        "line": 8
      },
      "1": {
        "loc": {
          "start": {
            "line": 8,
            "column": 32
          },
          "end": {
            "line": 8,
            "column": 55
          }
        },
        "type": "binary-expr",
        "locations": [
          {
            "start": {
              "line": 8,
              "column": 32
            },
            "end": {
              "line": 8,
              "column": 36
            }
          },
          {
            "start": {
              "line": 8,
              "column": 40
            },
            "end": {
              "line": 8,
              "column": 55
            }
          }
        ],
        "line": 8
      }
    },
    "s": {
      "0": 6,
      "1": 6,
      "2": 6,
      "3": 7,
      "4": 2,
      "5": 6
    },
    "f": {
      "0": 6,
      "1": 7,
      "2": 2
    },
    "b": {
      "0": [
        0
      ],
      "1": [
        7,
        2
      ]
    },
    "inputSourceMap": {
      "version": 3,
      "sources": [
        "D:/RSSchool React/rss-react/react-module01/src/api/api.ts"
      ],
      "mappings": "AAAA,SAAS,WAAW,sBAAsB;AAkC1C,MAAM,WAAW;AAEV,aAAM,gBAAgB,UAAU;AAAA,EACrC,aAAa;AAAA,EACb,WAAW,eAAe,EAAE,SAAS,SAAS,CAAC;AAAA,EAC/C,WAAW,CAAC,WAAW;AAAA,IACrB,qBAAqB,MAAM,MAA2B;AAAA,MACpD,OAAO,CAAC,OAAO,OAAO,IAAI,QAAQ,SAAS;AAAA,IAC7C,CAAC;AAAA,IACD,kBAAkB,MAAM,MAAyB;AAAA,MAC/C,OAAO,CAAC,OAAO,IAAI;AAAA,IACrB,CAAC;AAAA,EACH;AACF,CAAC;AAEM,aAAM,EAAE,6BAA6B,yBAAyB,IAAI;",
      "names": []
    },
    "_coverageSchema": "1a1c01bbd47fc00a2c39e90264f33305004495a9",
    "hash": "d3b24de1ac77a022e8f07581ace6b9e356e92b79"
  },
  "D:/RSSchool React/rss-react/react-module01/src/store/index.ts": {
    "path": "D:/RSSchool React/rss-react/react-module01/src/store/index.ts",
    "statementMap": {
      "0": {
        "start": {
          "line": 5,
          "column": 14
        },
        "end": {
          "line": 12,
          "column": 2
        }
      },
      "1": {
        "start": {
          "line": 11,
          "column": 40
        },
        "end": {
          "line": 11,
          "column": 95
        }
      }
    },
    "fnMap": {
      "0": {
        "name": "(anonymous_0)",
        "decl": {
          "start": {
            "line": 11,
            "column": 14
          },
          "end": {
            "line": 11,
            "column": 15
          }
        },
        "loc": {
          "start": {
            "line": 11,
            "column": 40
          },
          "end": {
            "line": 11,
            "column": 95
          }
        },
        "line": 11
      }
    },
    "branchMap": {},
    "s": {
      "0": 6,
      "1": 6
    },
    "f": {
      "0": 6
    },
    "b": {},
    "inputSourceMap": {
      "version": 3,
      "sources": [
        "D:/RSSchool React/rss-react/react-module01/src/store/index.ts"
      ],
      "mappings": "AAAA,SAAS,sBAAsB;AAC/B,OAAO,iBAAiB;AACxB,OAAO,iBAAiB;AACxB,SAAS,qBAAqB;AAE9B,MAAM,QAAQ,eAAe;AAAA,EAC3B,SAAS;AAAA,IACP,MAAM;AAAA,IACN,MAAM;AAAA,IACN,CAAC,cAAc,WAAW,GAAG,cAAc;AAAA,EAC7C;AAAA,EACA,YAAY,CAAC,yBAAyB,qBAAqB,EAAE,OAAO,cAAc,UAAU;AAC9F,CAAC;AAED,eAAe;",
      "names": []
    },
    "_coverageSchema": "1a1c01bbd47fc00a2c39e90264f33305004495a9",
    "hash": "1c64933a5fd48b1bbfee219885ad49a744b2cbfb"
  },
  "D:/RSSchool React/rss-react/react-module01/src/pages/notFound.tsx": {
    "path": "D:/RSSchool React/rss-react/react-module01/src/pages/notFound.tsx",
    "statementMap": {
      "0": {
        "start": {
          "line": 5,
          "column": 0
        },
        "end": {
          "line": 15,
          "column": 1
        }
      },
      "1": {
        "start": {
          "line": 6,
          "column": 2
        },
        "end": {
          "line": 8,
          "column": 3
        }
      },
      "2": {
        "start": {
          "line": 7,
          "column": 4
        },
        "end": {
          "line": 7,
          "column": 165
        }
      },
      "3": {
        "start": {
          "line": 9,
          "column": 2
        },
        "end": {
          "line": 9,
          "column": 39
        }
      },
      "4": {
        "start": {
          "line": 10,
          "column": 2
        },
        "end": {
          "line": 10,
          "column": 39
        }
      },
      "5": {
        "start": {
          "line": 11,
          "column": 2
        },
        "end": {
          "line": 13,
          "column": 4
        }
      },
      "6": {
        "start": {
          "line": 12,
          "column": 4
        },
        "end": {
          "line": 12,
          "column": 109
        }
      },
      "7": {
        "start": {
          "line": 14,
          "column": 2
        },
        "end": {
          "line": 14,
          "column": 75
        }
      },
      "8": {
        "start": {
          "line": 17,
          "column": 2
        },
        "end": {
          "line": 32,
          "column": 11
        }
      },
      "9": {
        "start": {
          "line": 34,
          "column": 0
        },
        "end": {
          "line": 34,
          "column": 18
        }
      },
      "10": {
        "start": {
          "line": 36,
          "column": 0
        },
        "end": {
          "line": 36,
          "column": 33
        }
      },
      "11": {
        "start": {
          "line": 37,
          "column": 0
        },
        "end": {
          "line": 53,
          "column": 1
        }
      },
      "12": {
        "start": {
          "line": 38,
          "column": 2
        },
        "end": {
          "line": 38,
          "column": 39
        }
      },
      "13": {
        "start": {
          "line": 39,
          "column": 2
        },
        "end": {
          "line": 39,
          "column": 39
        }
      },
      "14": {
        "start": {
          "line": 40,
          "column": 2
        },
        "end": {
          "line": 52,
          "column": 5
        }
      },
      "15": {
        "start": {
          "line": 44,
          "column": 4
        },
        "end": {
          "line": 44,
          "column": 135
        }
      },
      "16": {
        "start": {
          "line": 45,
          "column": 4
        },
        "end": {
          "line": 51,
          "column": 7
        }
      },
      "17": {
        "start": {
          "line": 46,
          "column": 6
        },
        "end": {
          "line": 47,
          "column": 15
        }
      },
      "18": {
        "start": {
          "line": 47,
          "column": 8
        },
        "end": {
          "line": 47,
          "column": 15
        }
      },
      "19": {
        "start": {
          "line": 48,
          "column": 32
        },
        "end": {
          "line": 48,
          "column": 115
        }
      },
      "20": {
        "start": {
          "line": 49,
          "column": 6
        },
        "end": {
          "line": 50,
          "column": 54
        }
      },
      "21": {
        "start": {
          "line": 50,
          "column": 8
        },
        "end": {
          "line": 50,
          "column": 54
        }
      }
    },
    "fnMap": {
      "0": {
        "name": "(anonymous_0)",
        "decl": {
          "start": {
            "line": 11,
            "column": 24
          },
          "end": {
            "line": 11,
            "column": 25
          }
        },
        "loc": {
          "start": {
            "line": 11,
            "column": 38
          },
          "end": {
            "line": 13,
            "column": 3
          }
        },
        "line": 11
      },
      "1": {
        "name": "NotFoundPage",
        "decl": {
          "start": {
            "line": 16,
            "column": 16
          },
          "end": {
            "line": 16,
            "column": 28
          }
        },
        "loc": {
          "start": {
            "line": 16,
            "column": 31
          },
          "end": {
            "line": 33,
            "column": 1
          }
        },
        "line": 16
      },
      "2": {
        "name": "(anonymous_2)",
        "decl": {
          "start": {
            "line": 43,
            "column": 9
          },
          "end": {
            "line": 43,
            "column": 10
          }
        },
        "loc": {
          "start": {
            "line": 43,
            "column": 29
          },
          "end": {
            "line": 52,
            "column": 3
          }
        },
        "line": 43
      },
      "3": {
        "name": "(anonymous_3)",
        "decl": {
          "start": {
            "line": 45,
            "column": 27
          },
          "end": {
            "line": 45,
            "column": 28
          }
        },
        "loc": {
          "start": {
            "line": 45,
            "column": 44
          },
          "end": {
            "line": 51,
            "column": 5
          }
        },
        "line": 45
      }
    },
    "branchMap": {
      "0": {
        "loc": {
          "start": {
            "line": 5,
            "column": 0
          },
          "end": {
            "line": 15,
            "column": 1
          }
        },
        "type": "if",
        "locations": [
          {
            "start": {
              "line": 5,
              "column": 0
            },
            "end": {
              "line": 15,
              "column": 1
            }
          },
          {
            "start": {},
            "end": {}
          }
        ],
        "line": 5
      },
      "1": {
        "loc": {
          "start": {
            "line": 6,
            "column": 2
          },
          "end": {
            "line": 8,
            "column": 3
          }
        },
        "type": "if",
        "locations": [
          {
            "start": {
              "line": 6,
              "column": 2
            },
            "end": {
              "line": 8,
              "column": 3
            }
          },
          {
            "start": {},
            "end": {}
          }
        ],
        "line": 6
      },
      "2": {
        "loc": {
          "start": {
            "line": 37,
            "column": 0
          },
          "end": {
            "line": 53,
            "column": 1
          }
        },
        "type": "if",
        "locations": [
          {
            "start": {
              "line": 37,
              "column": 0
            },
            "end": {
              "line": 53,
              "column": 1
            }
          },
          {
            "start": {},
            "end": {}
          }
        ],
        "line": 37
      },
      "3": {
        "loc": {
          "start": {
            "line": 46,
            "column": 6
          },
          "end": {
            "line": 47,
            "column": 15
          }
        },
        "type": "if",
        "locations": [
          {
            "start": {
              "line": 46,
              "column": 6
            },
            "end": {
              "line": 47,
              "column": 15
            }
          },
          {
            "start": {},
            "end": {}
          }
        ],
        "line": 46
      },
      "4": {
        "loc": {
          "start": {
            "line": 49,
            "column": 6
          },
          "end": {
            "line": 50,
            "column": 54
          }
        },
        "type": "if",
        "locations": [
          {
            "start": {
              "line": 49,
              "column": 6
            },
            "end": {
              "line": 50,
              "column": 54
            }
          },
          {
            "start": {},
            "end": {}
          }
        ],
        "line": 49
      }
    },
    "s": {
      "0": 6,
      "1": 6,
      "2": 0,
      "3": 6,
      "4": 6,
      "5": 6,
      "6": 6,
      "7": 6,
      "8": 2,
      "9": 6,
      "10": 6,
      "11": 6,
      "12": 6,
      "13": 6,
      "14": 6,
      "15": 4,
      "16": 4,
      "17": 0,
      "18": 0,
      "19": 0,
      "20": 0,
      "21": 0
    },
    "f": {
      "0": 6,
      "1": 2,
      "2": 4,
      "3": 0
    },
    "b": {
      "0": [
        6,
        0
      ],
      "1": [
        0,
        6
      ],
      "2": [
        6,
        0
      ],
      "3": [
        0,
        0
      ],
      "4": [
        0,
        0
      ]
    },
    "inputSourceMap": {
      "version": 3,
      "mappings": "AAKM;AALN,OAAOA,oBAAkB;AAAA;AAAA;AAAA;AAAA;AAAA;AAAA;AAAA;AAAA;AAAA;AAAA;AAAA;AAAA;AAAA;AAElB,gBAASC,eAAe;AAC7B,SACE,uBAAC,SAAI,WAAU,qBACb;AAAA,2BAAC,QAAG,WAAU,wBAAuB,yBAArC;AAAA;AAAA;AAAA;AAAA,WAA8C;AAAA,IAC9C,uBAAC,OAAE,8BAAH;AAAA;AAAA;AAAA;AAAA,WAAiB;AAAA,OAFnB;AAAA;AAAA;AAAA;AAAA,SAGA;AAEJ;AAACC,KAPeD;AAAY,IAAAC;AAAAC,aAAAD,IAAA",
      "names": [
        "React",
        "NotFoundPage",
        "_c",
        "$RefreshReg$"
      ],
      "sources": [
        "D:/RSSchool React/rss-react/react-module01/src/pages/notFound.tsx"
      ],
      "file": "D:/RSSchool React/rss-react/react-module01/src/pages/notFound.tsx"
    },
    "_coverageSchema": "1a1c01bbd47fc00a2c39e90264f33305004495a9",
    "hash": "9bd0c6fe0dc2c41458d0d3c8a099eaa099c8dbfc"
  },
  "D:/RSSchool React/rss-react/react-module01/src/pages/about.tsx": {
    "path": "D:/RSSchool React/rss-react/react-module01/src/pages/about.tsx",
    "statementMap": {
      "0": {
        "start": {
          "line": 5,
          "column": 0
        },
        "end": {
          "line": 15,
          "column": 1
        }
      },
      "1": {
        "start": {
          "line": 6,
          "column": 2
        },
        "end": {
          "line": 8,
          "column": 3
        }
      },
      "2": {
        "start": {
          "line": 7,
          "column": 4
        },
        "end": {
          "line": 7,
          "column": 165
        }
      },
      "3": {
        "start": {
          "line": 9,
          "column": 2
        },
        "end": {
          "line": 9,
          "column": 39
        }
      },
      "4": {
        "start": {
          "line": 10,
          "column": 2
        },
        "end": {
          "line": 10,
          "column": 39
        }
      },
      "5": {
        "start": {
          "line": 11,
          "column": 2
        },
        "end": {
          "line": 13,
          "column": 4
        }
      },
      "6": {
        "start": {
          "line": 12,
          "column": 4
        },
        "end": {
          "line": 12,
          "column": 106
        }
      },
      "7": {
        "start": {
          "line": 14,
          "column": 2
        },
        "end": {
          "line": 14,
          "column": 75
        }
      },
      "8": {
        "start": {
          "line": 17,
          "column": 2
        },
        "end": {
          "line": 32,
          "column": 11
        }
      },
      "9": {
        "start": {
          "line": 34,
          "column": 0
        },
        "end": {
          "line": 34,
          "column": 15
        }
      },
      "10": {
        "start": {
          "line": 36,
          "column": 0
        },
        "end": {
          "line": 36,
          "column": 30
        }
      },
      "11": {
        "start": {
          "line": 37,
          "column": 0
        },
        "end": {
          "line": 53,
          "column": 1
        }
      },
      "12": {
        "start": {
          "line": 38,
          "column": 2
        },
        "end": {
          "line": 38,
          "column": 39
        }
      },
      "13": {
        "start": {
          "line": 39,
          "column": 2
        },
        "end": {
          "line": 39,
          "column": 39
        }
      },
      "14": {
        "start": {
          "line": 40,
          "column": 2
        },
        "end": {
          "line": 52,
          "column": 5
        }
      },
      "15": {
        "start": {
          "line": 44,
          "column": 4
        },
        "end": {
          "line": 44,
          "column": 132
        }
      },
      "16": {
        "start": {
          "line": 45,
          "column": 4
        },
        "end": {
          "line": 51,
          "column": 7
        }
      },
      "17": {
        "start": {
          "line": 46,
          "column": 6
        },
        "end": {
          "line": 47,
          "column": 15
        }
      },
      "18": {
        "start": {
          "line": 47,
          "column": 8
        },
        "end": {
          "line": 47,
          "column": 15
        }
      },
      "19": {
        "start": {
          "line": 48,
          "column": 32
        },
        "end": {
          "line": 48,
          "column": 115
        }
      },
      "20": {
        "start": {
          "line": 49,
          "column": 6
        },
        "end": {
          "line": 50,
          "column": 54
        }
      },
      "21": {
        "start": {
          "line": 50,
          "column": 8
        },
        "end": {
          "line": 50,
          "column": 54
        }
      }
    },
    "fnMap": {
      "0": {
        "name": "(anonymous_0)",
        "decl": {
          "start": {
            "line": 11,
            "column": 24
          },
          "end": {
            "line": 11,
            "column": 25
          }
        },
        "loc": {
          "start": {
            "line": 11,
            "column": 38
          },
          "end": {
            "line": 13,
            "column": 3
          }
        },
        "line": 11
      },
      "1": {
        "name": "AboutPage",
        "decl": {
          "start": {
            "line": 16,
            "column": 16
          },
          "end": {
            "line": 16,
            "column": 25
          }
        },
        "loc": {
          "start": {
            "line": 16,
            "column": 28
          },
          "end": {
            "line": 33,
            "column": 1
          }
        },
        "line": 16
      },
      "2": {
        "name": "(anonymous_2)",
        "decl": {
          "start": {
            "line": 43,
            "column": 9
          },
          "end": {
            "line": 43,
            "column": 10
          }
        },
        "loc": {
          "start": {
            "line": 43,
            "column": 29
          },
          "end": {
            "line": 52,
            "column": 3
          }
        },
        "line": 43
      },
      "3": {
        "name": "(anonymous_3)",
        "decl": {
          "start": {
            "line": 45,
            "column": 27
          },
          "end": {
            "line": 45,
            "column": 28
          }
        },
        "loc": {
          "start": {
            "line": 45,
            "column": 44
          },
          "end": {
            "line": 51,
            "column": 5
          }
        },
        "line": 45
      }
    },
    "branchMap": {
      "0": {
        "loc": {
          "start": {
            "line": 5,
            "column": 0
          },
          "end": {
            "line": 15,
            "column": 1
          }
        },
        "type": "if",
        "locations": [
          {
            "start": {
              "line": 5,
              "column": 0
            },
            "end": {
              "line": 15,
              "column": 1
            }
          },
          {
            "start": {},
            "end": {}
          }
        ],
        "line": 5
      },
      "1": {
        "loc": {
          "start": {
            "line": 6,
            "column": 2
          },
          "end": {
            "line": 8,
            "column": 3
          }
        },
        "type": "if",
        "locations": [
          {
            "start": {
              "line": 6,
              "column": 2
            },
            "end": {
              "line": 8,
              "column": 3
            }
          },
          {
            "start": {},
            "end": {}
          }
        ],
        "line": 6
      },
      "2": {
        "loc": {
          "start": {
            "line": 37,
            "column": 0
          },
          "end": {
            "line": 53,
            "column": 1
          }
        },
        "type": "if",
        "locations": [
          {
            "start": {
              "line": 37,
              "column": 0
            },
            "end": {
              "line": 53,
              "column": 1
            }
          },
          {
            "start": {},
            "end": {}
          }
        ],
        "line": 37
      },
      "3": {
        "loc": {
          "start": {
            "line": 46,
            "column": 6
          },
          "end": {
            "line": 47,
            "column": 15
          }
        },
        "type": "if",
        "locations": [
          {
            "start": {
              "line": 46,
              "column": 6
            },
            "end": {
              "line": 47,
              "column": 15
            }
          },
          {
            "start": {},
            "end": {}
          }
        ],
        "line": 46
      },
      "4": {
        "loc": {
          "start": {
            "line": 49,
            "column": 6
          },
          "end": {
            "line": 50,
            "column": 54
          }
        },
        "type": "if",
        "locations": [
          {
            "start": {
              "line": 49,
              "column": 6
            },
            "end": {
              "line": 50,
              "column": 54
            }
          },
          {
            "start": {},
            "end": {}
          }
        ],
        "line": 49
      }
    },
    "s": {
      "0": 6,
      "1": 6,
      "2": 0,
      "3": 6,
      "4": 6,
      "5": 6,
      "6": 6,
      "7": 6,
      "8": 0,
      "9": 6,
      "10": 6,
      "11": 6,
      "12": 6,
      "13": 6,
      "14": 6,
      "15": 4,
      "16": 4,
      "17": 0,
      "18": 0,
      "19": 0,
      "20": 0,
      "21": 0
    },
    "f": {
      "0": 6,
      "1": 0,
      "2": 4,
      "3": 0
    },
    "b": {
      "0": [
        6,
        0
      ],
      "1": [
        0,
        6
      ],
      "2": [
        6,
        0
      ],
      "3": [
        0,
        0
      ],
      "4": [
        0,
        0
      ]
    },
    "inputSourceMap": {
      "version": 3,
      "mappings": "AAKM;AALN,OAAOA,oBAAkB;AAAA;AAAA;AAAA;AAAA;AAAA;AAAA;AAAA;AAAA;AAAA;AAAA;AAAA;AAAA;AAAA;AAElB,gBAASC,YAAY;AAC1B,SACE,uBAAC,SAAI,WAAU,qBACb;AAAA,2BAAC,QAAG,WAAU,wBAAuB,wBAArC;AAAA;AAAA;AAAA;AAAA,WAA6C;AAAA,IAC7C,uBAAC,OAAE,eAAY,eAAa,mYAA5B;AAAA;AAAA;AAAA;AAAA,WAMA;AAAA,OARF;AAAA;AAAA;AAAA;AAAA,SASA;AAEJ;AAACC,KAbeD;AAAS,IAAAC;AAAAC,aAAAD,IAAA",
      "names": [
        "React",
        "AboutPage",
        "_c",
        "$RefreshReg$"
      ],
      "sources": [
        "D:/RSSchool React/rss-react/react-module01/src/pages/about.tsx"
      ],
      "file": "D:/RSSchool React/rss-react/react-module01/src/pages/about.tsx"
    },
    "_coverageSchema": "1a1c01bbd47fc00a2c39e90264f33305004495a9",
    "hash": "422dca3617af82959bfda91054a1581773ddcaac"
  },
  "D:/RSSchool React/rss-react/react-module01/src/store/hooks.ts": {
    "path": "D:/RSSchool React/rss-react/react-module01/src/store/hooks.ts",
    "statementMap": {
      "0": {
        "start": {
          "line": 2,
          "column": 30
        },
        "end": {
          "line": 2,
          "column": 49
        }
      },
      "1": {
        "start": {
          "line": 2,
          "column": 36
        },
        "end": {
          "line": 2,
          "column": 49
        }
      },
      "2": {
        "start": {
          "line": 3,
          "column": 30
        },
        "end": {
          "line": 3,
          "column": 41
        }
      }
    },
    "fnMap": {
      "0": {
        "name": "(anonymous_0)",
        "decl": {
          "start": {
            "line": 2,
            "column": 30
          },
          "end": {
            "line": 2,
            "column": 31
          }
        },
        "loc": {
          "start": {
            "line": 2,
            "column": 36
          },
          "end": {
            "line": 2,
            "column": 49
          }
        },
        "line": 2
      }
    },
    "branchMap": {},
    "s": {
      "0": 6,
      "1": 80,
      "2": 6
    },
    "f": {
      "0": 80
    },
    "b": {},
    "inputSourceMap": {
      "version": 3,
      "sources": [
        "D:/RSSchool React/rss-react/react-module01/src/store/hooks.ts"
      ],
      "mappings": "AAAA,SAAS,aAAa,mBAAyC;AAGxD,aAAM,iBAAiB,MAAM,YAAyB;AACtD,aAAM,iBAAkD;",
      "names": []
    },
    "_coverageSchema": "1a1c01bbd47fc00a2c39e90264f33305004495a9",
    "hash": "a863873a9c88508033f6fed0dac41089c7b55f0b"
  },
  "D:/RSSchool React/rss-react/react-module01/src/components/search.tsx": {
    "path": "D:/RSSchool React/rss-react/react-module01/src/components/search.tsx",
    "statementMap": {
      "0": {
        "start": {
          "line": 5,
          "column": 0
        },
        "end": {
          "line": 15,
          "column": 1
        }
      },
      "1": {
        "start": {
          "line": 6,
          "column": 2
        },
        "end": {
          "line": 8,
          "column": 3
        }
      },
      "2": {
        "start": {
          "line": 7,
          "column": 4
        },
        "end": {
          "line": 7,
          "column": 165
        }
      },
      "3": {
        "start": {
          "line": 9,
          "column": 2
        },
        "end": {
          "line": 9,
          "column": 39
        }
      },
      "4": {
        "start": {
          "line": 10,
          "column": 2
        },
        "end": {
          "line": 10,
          "column": 39
        }
      },
      "5": {
        "start": {
          "line": 11,
          "column": 2
        },
        "end": {
          "line": 13,
          "column": 4
        }
      },
      "6": {
        "start": {
          "line": 12,
          "column": 4
        },
        "end": {
          "line": 12,
          "column": 112
        }
      },
      "7": {
        "start": {
          "line": 14,
          "column": 2
        },
        "end": {
          "line": 14,
          "column": 75
        }
      },
      "8": {
        "start": {
          "line": 16,
          "column": 9
        },
        "end": {
          "line": 16,
          "column": 23
        }
      },
      "9": {
        "start": {
          "line": 21,
          "column": 2
        },
        "end": {
          "line": 21,
          "column": 7
        }
      },
      "10": {
        "start": {
          "line": 22,
          "column": 19
        },
        "end": {
          "line": 22,
          "column": 35
        }
      },
      "11": {
        "start": {
          "line": 23,
          "column": 22
        },
        "end": {
          "line": 23,
          "column": 71
        }
      },
      "12": {
        "start": {
          "line": 23,
          "column": 48
        },
        "end": {
          "line": 23,
          "column": 70
        }
      },
      "13": {
        "start": {
          "line": 24,
          "column": 50
        },
        "end": {
          "line": 24,
          "column": 71
        }
      },
      "14": {
        "start": {
          "line": 25,
          "column": 23
        },
        "end": {
          "line": 28,
          "column": 3
        }
      },
      "15": {
        "start": {
          "line": 26,
          "column": 4
        },
        "end": {
          "line": 26,
          "column": 23
        }
      },
      "16": {
        "start": {
          "line": 27,
          "column": 4
        },
        "end": {
          "line": 27,
          "column": 47
        }
      },
      "17": {
        "start": {
          "line": 29,
          "column": 2
        },
        "end": {
          "line": 52,
          "column": 11
        }
      },
      "18": {
        "start": {
          "line": 30,
          "column": 254
        },
        "end": {
          "line": 30,
          "column": 289
        }
      },
      "19": {
        "start": {
          "line": 54,
          "column": 0
        },
        "end": {
          "line": 56,
          "column": 3
        }
      },
      "20": {
        "start": {
          "line": 55,
          "column": 2
        },
        "end": {
          "line": 55,
          "column": 42
        }
      },
      "21": {
        "start": {
          "line": 57,
          "column": 0
        },
        "end": {
          "line": 57,
          "column": 15
        }
      },
      "22": {
        "start": {
          "line": 59,
          "column": 0
        },
        "end": {
          "line": 59,
          "column": 30
        }
      },
      "23": {
        "start": {
          "line": 60,
          "column": 0
        },
        "end": {
          "line": 76,
          "column": 1
        }
      },
      "24": {
        "start": {
          "line": 61,
          "column": 2
        },
        "end": {
          "line": 61,
          "column": 39
        }
      },
      "25": {
        "start": {
          "line": 62,
          "column": 2
        },
        "end": {
          "line": 62,
          "column": 39
        }
      },
      "26": {
        "start": {
          "line": 63,
          "column": 2
        },
        "end": {
          "line": 75,
          "column": 5
        }
      },
      "27": {
        "start": {
          "line": 67,
          "column": 4
        },
        "end": {
          "line": 67,
          "column": 138
        }
      },
      "28": {
        "start": {
          "line": 68,
          "column": 4
        },
        "end": {
          "line": 74,
          "column": 7
        }
      },
      "29": {
        "start": {
          "line": 69,
          "column": 6
        },
        "end": {
          "line": 70,
          "column": 15
        }
      },
      "30": {
        "start": {
          "line": 70,
          "column": 8
        },
        "end": {
          "line": 70,
          "column": 15
        }
      },
      "31": {
        "start": {
          "line": 71,
          "column": 32
        },
        "end": {
          "line": 71,
          "column": 115
        }
      },
      "32": {
        "start": {
          "line": 72,
          "column": 6
        },
        "end": {
          "line": 73,
          "column": 54
        }
      },
      "33": {
        "start": {
          "line": 73,
          "column": 8
        },
        "end": {
          "line": 73,
          "column": 54
        }
      }
    },
    "fnMap": {
      "0": {
        "name": "(anonymous_0)",
        "decl": {
          "start": {
            "line": 11,
            "column": 24
          },
          "end": {
            "line": 11,
            "column": 25
          }
        },
        "loc": {
          "start": {
            "line": 11,
            "column": 38
          },
          "end": {
            "line": 13,
            "column": 3
          }
        },
        "line": 11
      },
      "1": {
        "name": "SearchBar",
        "decl": {
          "start": {
            "line": 20,
            "column": 16
          },
          "end": {
            "line": 20,
            "column": 25
          }
        },
        "loc": {
          "start": {
            "line": 20,
            "column": 28
          },
          "end": {
            "line": 53,
            "column": 1
          }
        },
        "line": 20
      },
      "2": {
        "name": "(anonymous_2)",
        "decl": {
          "start": {
            "line": 23,
            "column": 37
          },
          "end": {
            "line": 23,
            "column": 38
          }
        },
        "loc": {
          "start": {
            "line": 23,
            "column": 48
          },
          "end": {
            "line": 23,
            "column": 70
          }
        },
        "line": 23
      },
      "3": {
        "name": "(anonymous_3)",
        "decl": {
          "start": {
            "line": 25,
            "column": 23
          },
          "end": {
            "line": 25,
            "column": 24
          }
        },
        "loc": {
          "start": {
            "line": 25,
            "column": 30
          },
          "end": {
            "line": 28,
            "column": 3
          }
        },
        "line": 25
      },
      "4": {
        "name": "(anonymous_4)",
        "decl": {
          "start": {
            "line": 30,
            "column": 247
          },
          "end": {
            "line": 30,
            "column": 248
          }
        },
        "loc": {
          "start": {
            "line": 30,
            "column": 254
          },
          "end": {
            "line": 30,
            "column": 289
          }
        },
        "line": 30
      },
      "5": {
        "name": "(anonymous_5)",
        "decl": {
          "start": {
            "line": 54,
            "column": 53
          },
          "end": {
            "line": 54,
            "column": 54
          }
        },
        "loc": {
          "start": {
            "line": 54,
            "column": 64
          },
          "end": {
            "line": 56,
            "column": 1
          }
        },
        "line": 54
      },
      "6": {
        "name": "(anonymous_6)",
        "decl": {
          "start": {
            "line": 66,
            "column": 9
          },
          "end": {
            "line": 66,
            "column": 10
          }
        },
        "loc": {
          "start": {
            "line": 66,
            "column": 29
          },
          "end": {
            "line": 75,
            "column": 3
          }
        },
        "line": 66
      },
      "7": {
        "name": "(anonymous_7)",
        "decl": {
          "start": {
            "line": 68,
            "column": 27
          },
          "end": {
            "line": 68,
            "column": 28
          }
        },
        "loc": {
          "start": {
            "line": 68,
            "column": 44
          },
          "end": {
            "line": 74,
            "column": 5
          }
        },
        "line": 68
      }
    },
    "branchMap": {
      "0": {
        "loc": {
          "start": {
            "line": 5,
            "column": 0
          },
          "end": {
            "line": 15,
            "column": 1
          }
        },
        "type": "if",
        "locations": [
          {
            "start": {
              "line": 5,
              "column": 0
            },
            "end": {
              "line": 15,
              "column": 1
            }
          },
          {
            "start": {},
            "end": {}
          }
        ],
        "line": 5
      },
      "1": {
        "loc": {
          "start": {
            "line": 6,
            "column": 2
          },
          "end": {
            "line": 8,
            "column": 3
          }
        },
        "type": "if",
        "locations": [
          {
            "start": {
              "line": 6,
              "column": 2
            },
            "end": {
              "line": 8,
              "column": 3
            }
          },
          {
            "start": {},
            "end": {}
          }
        ],
        "line": 6
      },
      "2": {
        "loc": {
          "start": {
            "line": 60,
            "column": 0
          },
          "end": {
            "line": 76,
            "column": 1
          }
        },
        "type": "if",
        "locations": [
          {
            "start": {
              "line": 60,
              "column": 0
            },
            "end": {
              "line": 76,
              "column": 1
            }
          },
          {
            "start": {},
            "end": {}
          }
        ],
        "line": 60
      },
      "3": {
        "loc": {
          "start": {
            "line": 69,
            "column": 6
          },
          "end": {
            "line": 70,
            "column": 15
          }
        },
        "type": "if",
        "locations": [
          {
            "start": {
              "line": 69,
              "column": 6
            },
            "end": {
              "line": 70,
              "column": 15
            }
          },
          {
            "start": {},
            "end": {}
          }
        ],
        "line": 69
      },
      "4": {
        "loc": {
          "start": {
            "line": 72,
            "column": 6
          },
          "end": {
            "line": 73,
            "column": 54
          }
        },
        "type": "if",
        "locations": [
          {
            "start": {
              "line": 72,
              "column": 6
            },
            "end": {
              "line": 73,
              "column": 54
            }
          },
          {
            "start": {},
            "end": {}
          }
        ],
        "line": 72
      }
    },
    "s": {
      "0": 6,
      "1": 6,
      "2": 0,
      "3": 6,
      "4": 6,
      "5": 6,
      "6": 6,
      "7": 6,
      "8": 6,
      "9": 78,
      "10": 78,
      "11": 78,
      "12": 118,
      "13": 78,
      "14": 78,
      "15": 2,
      "16": 2,
      "17": 78,
      "18": 15,
      "19": 6,
      "20": 5,
      "21": 6,
      "22": 6,
      "23": 6,
      "24": 6,
      "25": 6,
      "26": 6,
      "27": 4,
      "28": 4,
      "29": 0,
      "30": 0,
      "31": 0,
      "32": 0,
      "33": 0
    },
    "f": {
      "0": 6,
      "1": 78,
      "2": 118,
      "3": 2,
      "4": 15,
      "5": 5,
      "6": 4,
      "7": 0
    },
    "b": {
      "0": [
        6,
        0
      ],
      "1": [
        0,
        6
      ],
      "2": [
        6,
        0
      ],
      "3": [
        0,
        0
      ],
      "4": [
        0,
        0
      ]
    },
    "inputSourceMap": {
      "version": 3,
      "mappings": "AAgBM;;;;;;;;;;;;;;;;AAhBN,SAAgBA,gBAAgB;AAChC,SAASC,gBAAgBC,sBAAsB;AAC/C,SAASC,sBAAsB;AAExB,gBAASC,YAAY;AAAAC,KAAA;AAC1B,QAAMC,WAAWL,eAAc;AAC/B,QAAMM,cAAcL,eAAwBM,WAAUA,MAAMC,KAAKF,WAAW;AAC5E,QAAM,CAACG,kBAAkBC,mBAAmB,IAAIX,SAASO,WAAW;AAEpE,QAAMK,eAAeA,CAACC,MAAuB;AAC3CA,MAAEC,eAAc;AAChBR,aAASH,eAAeO,gBAAgB,CAAC;AAAA,EAC3C;AAEA,SACE,uBAAC,UAAK,WAAU,qCAAoC,UAAUE,cAC5D;AAAA,2BAAC,WACC,WAAU,oGACV,MAAK,UACL,MAAK,UACL,aAAY,kBACZ,OAAOF,kBACP,UAAU,CAACG,MAA2CF,oBAAoBE,EAAEE,OAAOC,KAAK,KAN1F;AAAA;AAAA;AAAA;AAAA,WAM4F;AAAA,IAE5F,uBAAC,YACC,MAAK,UACL,WAAU,6EAEV,iCAAC,SACC,OAAM,8BACN,MAAK,QACL,SAAQ,aACR,aAAa,KACb,QAAO,gBACP,WAAU,eAEV,iCAAC,UACC,eAAc,SACd,gBAAe,SACf,GAAE,gFAHJ;AAAA;AAAA;AAAA;AAAA,WAGgF,KAXlF;AAAA;AAAA;AAAA;AAAA,WAaA,KAjBF;AAAA;AAAA;AAAA;AAAA,WAkBA;AAAA,OA3BF;AAAA;AAAA;AAAA;AAAA,SA4BA;AAEJ;AAACX,GAzCeD,WAAS;AAAA,UACNH,gBACGC,cAAc;AAAA;AAAAe,KAFpBb;AAAS,IAAAa;AAAAC,aAAAD,IAAA",
      "names": [
        "useState",
        "useAppDispatch",
        "useAppSelector",
        "setSearchValue",
        "SearchBar",
        "_s",
        "dispatch",
        "searchValue",
        "state",
        "tile",
        "inputSearchValue",
        "setInputSearchValue",
        "handleSubmit",
        "e",
        "preventDefault",
        "target",
        "value",
        "_c",
        "$RefreshReg$"
      ],
      "sources": [
        "D:/RSSchool React/rss-react/react-module01/src/components/search.tsx"
      ],
      "file": "D:/RSSchool React/rss-react/react-module01/src/components/search.tsx"
    },
    "_coverageSchema": "1a1c01bbd47fc00a2c39e90264f33305004495a9",
    "hash": "c4b8190369e1185ed4097ab7a6e5a8fba76e4f3e"
  },
  "D:/RSSchool React/rss-react/react-module01/src/components/cards.tsx": {
    "path": "D:/RSSchool React/rss-react/react-module01/src/components/cards.tsx",
    "statementMap": {
      "0": {
        "start": {
          "line": 5,
          "column": 0
        },
        "end": {
          "line": 15,
          "column": 1
        }
      },
      "1": {
        "start": {
          "line": 6,
          "column": 2
        },
        "end": {
          "line": 8,
          "column": 3
        }
      },
      "2": {
        "start": {
          "line": 7,
          "column": 4
        },
        "end": {
          "line": 7,
          "column": 165
        }
      },
      "3": {
        "start": {
          "line": 9,
          "column": 2
        },
        "end": {
          "line": 9,
          "column": 39
        }
      },
      "4": {
        "start": {
          "line": 10,
          "column": 2
        },
        "end": {
          "line": 10,
          "column": 39
        }
      },
      "5": {
        "start": {
          "line": 11,
          "column": 2
        },
        "end": {
          "line": 13,
          "column": 4
        }
      },
      "6": {
        "start": {
          "line": 12,
          "column": 4
        },
        "end": {
          "line": 12,
          "column": 111
        }
      },
      "7": {
        "start": {
          "line": 14,
          "column": 2
        },
        "end": {
          "line": 14,
          "column": 75
        }
      },
      "8": {
        "start": {
          "line": 21,
          "column": 22
        },
        "end": {
          "line": 24,
          "column": 3
        }
      },
      "9": {
        "start": {
          "line": 22,
          "column": 4
        },
        "end": {
          "line": 22,
          "column": 21
        }
      },
      "10": {
        "start": {
          "line": 23,
          "column": 4
        },
        "end": {
          "line": 23,
          "column": 23
        }
      },
      "11": {
        "start": {
          "line": 25,
          "column": 2
        },
        "end": {
          "line": 52,
          "column": 11
        }
      },
      "12": {
        "start": {
          "line": 54,
          "column": 0
        },
        "end": {
          "line": 54,
          "column": 10
        }
      },
      "13": {
        "start": {
          "line": 56,
          "column": 0
        },
        "end": {
          "line": 56,
          "column": 25
        }
      },
      "14": {
        "start": {
          "line": 57,
          "column": 0
        },
        "end": {
          "line": 73,
          "column": 1
        }
      },
      "15": {
        "start": {
          "line": 58,
          "column": 2
        },
        "end": {
          "line": 58,
          "column": 39
        }
      },
      "16": {
        "start": {
          "line": 59,
          "column": 2
        },
        "end": {
          "line": 59,
          "column": 39
        }
      },
      "17": {
        "start": {
          "line": 60,
          "column": 2
        },
        "end": {
          "line": 72,
          "column": 5
        }
      },
      "18": {
        "start": {
          "line": 64,
          "column": 4
        },
        "end": {
          "line": 64,
          "column": 137
        }
      },
      "19": {
        "start": {
          "line": 65,
          "column": 4
        },
        "end": {
          "line": 71,
          "column": 7
        }
      },
      "20": {
        "start": {
          "line": 66,
          "column": 6
        },
        "end": {
          "line": 67,
          "column": 15
        }
      },
      "21": {
        "start": {
          "line": 67,
          "column": 8
        },
        "end": {
          "line": 67,
          "column": 15
        }
      },
      "22": {
        "start": {
          "line": 68,
          "column": 32
        },
        "end": {
          "line": 68,
          "column": 115
        }
      },
      "23": {
        "start": {
          "line": 69,
          "column": 6
        },
        "end": {
          "line": 70,
          "column": 54
        }
      },
      "24": {
        "start": {
          "line": 70,
          "column": 8
        },
        "end": {
          "line": 70,
          "column": 54
        }
      }
    },
    "fnMap": {
      "0": {
        "name": "(anonymous_0)",
        "decl": {
          "start": {
            "line": 11,
            "column": 24
          },
          "end": {
            "line": 11,
            "column": 25
          }
        },
        "loc": {
          "start": {
            "line": 11,
            "column": 38
          },
          "end": {
            "line": 13,
            "column": 3
          }
        },
        "line": 11
      },
      "1": {
        "name": "Card",
        "decl": {
          "start": {
            "line": 16,
            "column": 16
          },
          "end": {
            "line": 16,
            "column": 20
          }
        },
        "loc": {
          "start": {
            "line": 20,
            "column": 3
          },
          "end": {
            "line": 53,
            "column": 1
          }
        },
        "line": 20
      },
      "2": {
        "name": "(anonymous_2)",
        "decl": {
          "start": {
            "line": 21,
            "column": 22
          },
          "end": {
            "line": 21,
            "column": 23
          }
        },
        "loc": {
          "start": {
            "line": 21,
            "column": 28
          },
          "end": {
            "line": 24,
            "column": 3
          }
        },
        "line": 21
      },
      "3": {
        "name": "(anonymous_3)",
        "decl": {
          "start": {
            "line": 63,
            "column": 9
          },
          "end": {
            "line": 63,
            "column": 10
          }
        },
        "loc": {
          "start": {
            "line": 63,
            "column": 29
          },
          "end": {
            "line": 72,
            "column": 3
          }
        },
        "line": 63
      },
      "4": {
        "name": "(anonymous_4)",
        "decl": {
          "start": {
            "line": 65,
            "column": 27
          },
          "end": {
            "line": 65,
            "column": 28
          }
        },
        "loc": {
          "start": {
            "line": 65,
            "column": 44
          },
          "end": {
            "line": 71,
            "column": 5
          }
        },
        "line": 65
      }
    },
    "branchMap": {
      "0": {
        "loc": {
          "start": {
            "line": 5,
            "column": 0
          },
          "end": {
            "line": 15,
            "column": 1
          }
        },
        "type": "if",
        "locations": [
          {
            "start": {
              "line": 5,
              "column": 0
            },
            "end": {
              "line": 15,
              "column": 1
            }
          },
          {
            "start": {},
            "end": {}
          }
        ],
        "line": 5
      },
      "1": {
        "loc": {
          "start": {
            "line": 6,
            "column": 2
          },
          "end": {
            "line": 8,
            "column": 3
          }
        },
        "type": "if",
        "locations": [
          {
            "start": {
              "line": 6,
              "column": 2
            },
            "end": {
              "line": 8,
              "column": 3
            }
          },
          {
            "start": {},
            "end": {}
          }
        ],
        "line": 6
      },
      "2": {
        "loc": {
          "start": {
            "line": 57,
            "column": 0
          },
          "end": {
            "line": 73,
            "column": 1
          }
        },
        "type": "if",
        "locations": [
          {
            "start": {
              "line": 57,
              "column": 0
            },
            "end": {
              "line": 73,
              "column": 1
            }
          },
          {
            "start": {},
            "end": {}
          }
        ],
        "line": 57
      },
      "3": {
        "loc": {
          "start": {
            "line": 66,
            "column": 6
          },
          "end": {
            "line": 67,
            "column": 15
          }
        },
        "type": "if",
        "locations": [
          {
            "start": {
              "line": 66,
              "column": 6
            },
            "end": {
              "line": 67,
              "column": 15
            }
          },
          {
            "start": {},
            "end": {}
          }
        ],
        "line": 66
      },
      "4": {
        "loc": {
          "start": {
            "line": 69,
            "column": 6
          },
          "end": {
            "line": 70,
            "column": 54
          }
        },
        "type": "if",
        "locations": [
          {
            "start": {
              "line": 69,
              "column": 6
            },
            "end": {
              "line": 70,
              "column": 54
            }
          },
          {
            "start": {},
            "end": {}
          }
        ],
        "line": 69
      }
    },
    "s": {
      "0": 6,
      "1": 6,
      "2": 0,
      "3": 6,
      "4": 6,
      "5": 6,
      "6": 6,
      "7": 6,
      "8": 456,
      "9": 2,
      "10": 2,
      "11": 456,
      "12": 6,
      "13": 6,
      "14": 6,
      "15": 6,
      "16": 6,
      "17": 6,
      "18": 4,
      "19": 4,
      "20": 0,
      "21": 0,
      "22": 0,
      "23": 0,
      "24": 0
    },
    "f": {
      "0": 6,
      "1": 456,
      "2": 2,
      "3": 4,
      "4": 0
    },
    "b": {
      "0": [
        6,
        0
      ],
      "1": [
        0,
        6
      ],
      "2": [
        6,
        0
      ],
      "3": [
        0,
        0
      ],
      "4": [
        0,
        0
      ]
    },
    "inputSourceMap": {
      "version": 3,
      "mappings": "AAoBM;AApBN,OAAOA,oBAAkB;AAAA;AAAA;AAAA;AAAA;AAAA;AAAA;AAAA;AAAA;AAAA;AAAA;AAAA;AAAA;AAAA;AASlB,gBAASC,KAAK;AAAA,EAAEC;AAAAA,EAAMC;AAAAA,EAAWC;AAAsB,GAAG;AAC/D,QAAMC,cAAcA,MAAM;AACxBD,eAAW,IAAI;AACfD,cAAUD,KAAKI,EAAE;AAAA,EACnB;AAEA,SACE,uBAAC,SACC,WAAU,wJACV,SAASD,aAET;AAAA,2BAAC,SAAI,KAAKH,KAAKK,OAAO,WAAU,UAAS,KAAKL,KAAKM,QAAnD;AAAA;AAAA;AAAA;AAAA,WAAwD;AAAA,IACxD,uBAAC,OAAE,WAAU,cACX;AAAA,6BAAC,UAAK,WAAU,eAAc,sBAA9B;AAAA;AAAA;AAAA;AAAA,aAAoC;AAAA,MACnCN,KAAKM;AAAAA,SAFR;AAAA;AAAA;AAAA;AAAA,WAGA;AAAA,IACA,uBAAC,OAAGN,eAAKO,WAAT;AAAA;AAAA;AAAA;AAAA,WAAiB;AAAA,OATnB;AAAA;AAAA;AAAA;AAAA,SAUA;AAEJ;AAACC,KAnBeT;AAAI,IAAAS;AAAAC,aAAAD,IAAA",
      "names": [
        "React",
        "Card",
        "hero",
        "setHeroID",
        "setVisible",
        "handleClick",
        "id",
        "image",
        "name",
        "species",
        "_c",
        "$RefreshReg$"
      ],
      "sources": [
        "D:/RSSchool React/rss-react/react-module01/src/components/cards.tsx"
      ],
      "file": "D:/RSSchool React/rss-react/react-module01/src/components/cards.tsx"
    },
    "_coverageSchema": "1a1c01bbd47fc00a2c39e90264f33305004495a9",
    "hash": "e2ce8927bdf0df17c2b64eddbc4b33e4f37d8a30"
  },
  "D:/RSSchool React/rss-react/react-module01/src/components/modal.tsx": {
    "path": "D:/RSSchool React/rss-react/react-module01/src/components/modal.tsx",
    "statementMap": {
      "0": {
        "start": {
          "line": 5,
          "column": 0
        },
        "end": {
          "line": 15,
          "column": 1
        }
      },
      "1": {
        "start": {
          "line": 6,
          "column": 2
        },
        "end": {
          "line": 8,
          "column": 3
        }
      },
      "2": {
        "start": {
          "line": 7,
          "column": 4
        },
        "end": {
          "line": 7,
          "column": 165
        }
      },
      "3": {
        "start": {
          "line": 9,
          "column": 2
        },
        "end": {
          "line": 9,
          "column": 39
        }
      },
      "4": {
        "start": {
          "line": 10,
          "column": 2
        },
        "end": {
          "line": 10,
          "column": 39
        }
      },
      "5": {
        "start": {
          "line": 11,
          "column": 2
        },
        "end": {
          "line": 13,
          "column": 4
        }
      },
      "6": {
        "start": {
          "line": 12,
          "column": 4
        },
        "end": {
          "line": 12,
          "column": 111
        }
      },
      "7": {
        "start": {
          "line": 14,
          "column": 2
        },
        "end": {
          "line": 14,
          "column": 75
        }
      },
      "8": {
        "start": {
          "line": 16,
          "column": 9
        },
        "end": {
          "line": 16,
          "column": 23
        }
      },
      "9": {
        "start": {
          "line": 23,
          "column": 2
        },
        "end": {
          "line": 23,
          "column": 7
        }
      },
      "10": {
        "start": {
          "line": 27,
          "column": 6
        },
        "end": {
          "line": 27,
          "column": 38
        }
      },
      "11": {
        "start": {
          "line": 28,
          "column": 22
        },
        "end": {
          "line": 30,
          "column": 3
        }
      },
      "12": {
        "start": {
          "line": 29,
          "column": 4
        },
        "end": {
          "line": 29,
          "column": 22
        }
      },
      "13": {
        "start": {
          "line": 31,
          "column": 2
        },
        "end": {
          "line": 161,
          "column": 11
        }
      },
      "14": {
        "start": {
          "line": 31,
          "column": 366
        },
        "end": {
          "line": 31,
          "column": 385
        }
      },
      "15": {
        "start": {
          "line": 163,
          "column": 0
        },
        "end": {
          "line": 165,
          "column": 3
        }
      },
      "16": {
        "start": {
          "line": 164,
          "column": 2
        },
        "end": {
          "line": 164,
          "column": 36
        }
      },
      "17": {
        "start": {
          "line": 166,
          "column": 0
        },
        "end": {
          "line": 166,
          "column": 11
        }
      },
      "18": {
        "start": {
          "line": 168,
          "column": 0
        },
        "end": {
          "line": 168,
          "column": 26
        }
      },
      "19": {
        "start": {
          "line": 169,
          "column": 0
        },
        "end": {
          "line": 185,
          "column": 1
        }
      },
      "20": {
        "start": {
          "line": 170,
          "column": 2
        },
        "end": {
          "line": 170,
          "column": 39
        }
      },
      "21": {
        "start": {
          "line": 171,
          "column": 2
        },
        "end": {
          "line": 171,
          "column": 39
        }
      },
      "22": {
        "start": {
          "line": 172,
          "column": 2
        },
        "end": {
          "line": 184,
          "column": 5
        }
      },
      "23": {
        "start": {
          "line": 176,
          "column": 4
        },
        "end": {
          "line": 176,
          "column": 137
        }
      },
      "24": {
        "start": {
          "line": 177,
          "column": 4
        },
        "end": {
          "line": 183,
          "column": 7
        }
      },
      "25": {
        "start": {
          "line": 178,
          "column": 6
        },
        "end": {
          "line": 179,
          "column": 15
        }
      },
      "26": {
        "start": {
          "line": 179,
          "column": 8
        },
        "end": {
          "line": 179,
          "column": 15
        }
      },
      "27": {
        "start": {
          "line": 180,
          "column": 32
        },
        "end": {
          "line": 180,
          "column": 115
        }
      },
      "28": {
        "start": {
          "line": 181,
          "column": 6
        },
        "end": {
          "line": 182,
          "column": 54
        }
      },
      "29": {
        "start": {
          "line": 182,
          "column": 8
        },
        "end": {
          "line": 182,
          "column": 54
        }
      }
    },
    "fnMap": {
      "0": {
        "name": "(anonymous_0)",
        "decl": {
          "start": {
            "line": 11,
            "column": 24
          },
          "end": {
            "line": 11,
            "column": 25
          }
        },
        "loc": {
          "start": {
            "line": 11,
            "column": 38
          },
          "end": {
            "line": 13,
            "column": 3
          }
        },
        "line": 11
      },
      "1": {
        "name": "Modal",
        "decl": {
          "start": {
            "line": 18,
            "column": 16
          },
          "end": {
            "line": 18,
            "column": 21
          }
        },
        "loc": {
          "start": {
            "line": 22,
            "column": 3
          },
          "end": {
            "line": 162,
            "column": 1
          }
        },
        "line": 22
      },
      "2": {
        "name": "(anonymous_2)",
        "decl": {
          "start": {
            "line": 28,
            "column": 22
          },
          "end": {
            "line": 28,
            "column": 23
          }
        },
        "loc": {
          "start": {
            "line": 28,
            "column": 28
          },
          "end": {
            "line": 30,
            "column": 3
          }
        },
        "line": 28
      },
      "3": {
        "name": "(anonymous_3)",
        "decl": {
          "start": {
            "line": 31,
            "column": 359
          },
          "end": {
            "line": 31,
            "column": 360
          }
        },
        "loc": {
          "start": {
            "line": 31,
            "column": 366
          },
          "end": {
            "line": 31,
            "column": 385
          }
        },
        "line": 31
      },
      "4": {
        "name": "(anonymous_4)",
        "decl": {
          "start": {
            "line": 163,
            "column": 49
          },
          "end": {
            "line": 163,
            "column": 50
          }
        },
        "loc": {
          "start": {
            "line": 163,
            "column": 60
          },
          "end": {
            "line": 165,
            "column": 1
          }
        },
        "line": 163
      },
      "5": {
        "name": "(anonymous_5)",
        "decl": {
          "start": {
            "line": 175,
            "column": 9
          },
          "end": {
            "line": 175,
            "column": 10
          }
        },
        "loc": {
          "start": {
            "line": 175,
            "column": 29
          },
          "end": {
            "line": 184,
            "column": 3
          }
        },
        "line": 175
      },
      "6": {
        "name": "(anonymous_6)",
        "decl": {
          "start": {
            "line": 177,
            "column": 27
          },
          "end": {
            "line": 177,
            "column": 28
          }
        },
        "loc": {
          "start": {
            "line": 177,
            "column": 44
          },
          "end": {
            "line": 183,
            "column": 5
          }
        },
        "line": 177
      }
    },
    "branchMap": {
      "0": {
        "loc": {
          "start": {
            "line": 5,
            "column": 0
          },
          "end": {
            "line": 15,
            "column": 1
          }
        },
        "type": "if",
        "locations": [
          {
            "start": {
              "line": 5,
              "column": 0
            },
            "end": {
              "line": 15,
              "column": 1
            }
          },
          {
            "start": {},
            "end": {}
          }
        ],
        "line": 5
      },
      "1": {
        "loc": {
          "start": {
            "line": 6,
            "column": 2
          },
          "end": {
            "line": 8,
            "column": 3
          }
        },
        "type": "if",
        "locations": [
          {
            "start": {
              "line": 6,
              "column": 2
            },
            "end": {
              "line": 8,
              "column": 3
            }
          },
          {
            "start": {},
            "end": {}
          }
        ],
        "line": 6
      },
      "2": {
        "loc": {
          "start": {
            "line": 31,
            "column": 52
          },
          "end": {
            "line": 31,
            "column": 162
          }
        },
        "type": "cond-expr",
        "locations": [
          {
            "start": {
              "line": 31,
              "column": 64
            },
            "end": {
              "line": 31,
              "column": 151
            }
          },
          {
            "start": {
              "line": 31,
              "column": 154
            },
            "end": {
              "line": 31,
              "column": 162
            }
          }
        ],
        "line": 31
      },
      "3": {
        "loc": {
          "start": {
            "line": 32,
            "column": 4
          },
          "end": {
            "line": 36,
            "column": 12
          }
        },
        "type": "binary-expr",
        "locations": [
          {
            "start": {
              "line": 32,
              "column": 4
            },
            "end": {
              "line": 32,
              "column": 13
            }
          },
          {
            "start": {
              "line": 32,
              "column": 33
            },
            "end": {
              "line": 36,
              "column": 12
            }
          }
        ],
        "line": 32
      },
      "4": {
        "loc": {
          "start": {
            "line": 37,
            "column": 4
          },
          "end": {
            "line": 152,
            "column": 12
          }
        },
        "type": "binary-expr",
        "locations": [
          {
            "start": {
              "line": 37,
              "column": 4
            },
            "end": {
              "line": 37,
              "column": 8
            }
          },
          {
            "start": {
              "line": 37,
              "column": 28
            },
            "end": {
              "line": 152,
              "column": 12
            }
          }
        ],
        "line": 37
      },
      "5": {
        "loc": {
          "start": {
            "line": 88,
            "column": 6
          },
          "end": {
            "line": 95,
            "column": 14
          }
        },
        "type": "binary-expr",
        "locations": [
          {
            "start": {
              "line": 88,
              "column": 6
            },
            "end": {
              "line": 88,
              "column": 15
            }
          },
          {
            "start": {
              "line": 88,
              "column": 35
            },
            "end": {
              "line": 95,
              "column": 14
            }
          }
        ],
        "line": 88
      },
      "6": {
        "loc": {
          "start": {
            "line": 96,
            "column": 47
          },
          "end": {
            "line": 96,
            "column": 130
          }
        },
        "type": "cond-expr",
        "locations": [
          {
            "start": {
              "line": 96,
              "column": 73
            },
            "end": {
              "line": 96,
              "column": 101
            }
          },
          {
            "start": {
              "line": 96,
              "column": 104
            },
            "end": {
              "line": 96,
              "column": 130
            }
          }
        ],
        "line": 96
      },
      "7": {
        "loc": {
          "start": {
            "line": 169,
            "column": 0
          },
          "end": {
            "line": 185,
            "column": 1
          }
        },
        "type": "if",
        "locations": [
          {
            "start": {
              "line": 169,
              "column": 0
            },
            "end": {
              "line": 185,
              "column": 1
            }
          },
          {
            "start": {},
            "end": {}
          }
        ],
        "line": 169
      },
      "8": {
        "loc": {
          "start": {
            "line": 178,
            "column": 6
          },
          "end": {
            "line": 179,
            "column": 15
          }
        },
        "type": "if",
        "locations": [
          {
            "start": {
              "line": 178,
              "column": 6
            },
            "end": {
              "line": 179,
              "column": 15
            }
          },
          {
            "start": {},
            "end": {}
          }
        ],
        "line": 178
      },
      "9": {
        "loc": {
          "start": {
            "line": 181,
            "column": 6
          },
          "end": {
            "line": 182,
            "column": 54
          }
        },
        "type": "if",
        "locations": [
          {
            "start": {
              "line": 181,
              "column": 6
            },
            "end": {
              "line": 182,
              "column": 54
            }
          },
          {
            "start": {},
            "end": {}
          }
        ],
        "line": 181
      }
    },
    "s": {
      "0": 6,
      "1": 6,
      "2": 0,
      "3": 6,
      "4": 6,
      "5": 6,
      "6": 6,
      "7": 6,
      "8": 6,
      "9": 12,
      "10": 12,
      "11": 12,
      "12": 1,
      "13": 12,
      "14": 1,
      "15": 6,
      "16": 2,
      "17": 6,
      "18": 6,
      "19": 6,
      "20": 6,
      "21": 6,
      "22": 6,
      "23": 4,
      "24": 4,
      "25": 0,
      "26": 0,
      "27": 0,
      "28": 0,
      "29": 0
    },
    "f": {
      "0": 6,
      "1": 12,
      "2": 1,
      "3": 1,
      "4": 2,
      "5": 4,
      "6": 0
    },
    "b": {
      "0": [
        6,
        0
      ],
      "1": [
        0,
        6
      ],
      "2": [
        12,
        0
      ],
      "3": [
        12,
        8
      ],
      "4": [
        12,
        4
      ],
      "5": [
        4,
        0
      ],
      "6": [
        4,
        0
      ],
      "7": [
        6,
        0
      ],
      "8": [
        0,
        0
      ],
      "9": [
        0,
        0
      ]
    },
    "inputSourceMap": {
      "version": 3,
      "mappings": "AA+BU,SAGA,UAHA;;;;;;;;;;;;;;;;AA9BV,SAASA,gCAAgC;AAQlC,gBAASC,MAAM;AAAA,EAAEC;AAAAA,EAAQC;AAAAA,EAAWC;AAAuB,GAAG;AAAAC,KAAA;AACnE,QAAM;AAAA,IAAEC;AAAAA,IAAMC;AAAAA,EAAU,IAAIP,yBAAyBE,MAAM;AAE3D,QAAMM,cAAcA,MAAM;AACxBJ,eAAW,KAAK;AAAA,EAClB;AAEA,SACE,uBAAC,SACC,WACED,YACI,0FACA,UAEN,eAAY,SACZ,SAASK,aAET,iCAAC,SACC,WAAU,uFACV,SAAS,CAACC,MAAkCA,EAAEC,gBAAe,GAE5DH;AAAAA,iBACC,uBAAC,SAAI,WAAU,4HAAf;AAAA;AAAA;AAAA;AAAA,WAAuI;AAAA,IAExID,QACC,mCACE;AAAA,6BAAC,SACC,WAAU,iEACV,SAASE,aAET,iCAAC,SACC,OAAM,QACN,QAAO,QACP,SAAQ,aACR,MAAK,QACL,OAAM,8BAEN;AAAA,+BAAC,UACC,GAAE,yFACF,QAAO,WACP,aAAY,OACZ,eAAc,SACd,gBAAe,WALjB;AAAA;AAAA;AAAA;AAAA,eAKwB;AAAA,QAExB,uBAAC,UACC,GAAE,gCACF,QAAO,WACP,aAAY,OACZ,eAAc,SACd,gBAAe,WALjB;AAAA;AAAA;AAAA;AAAA,eAKwB;AAAA,QAExB,uBAAC,UACC,GAAE,gCACF,QAAO,WACP,aAAY,OACZ,eAAc,SACd,gBAAe,WALjB;AAAA;AAAA;AAAA;AAAA,eAKwB;AAAA,WA1B1B;AAAA;AAAA;AAAA;AAAA,aA4BA,KAhCF;AAAA;AAAA;AAAA;AAAA,aAiCA;AAAA,MACA,uBAAC,SAAI,KAAKF,KAAKK,OAAO,WAAU,UAAS,KAAKL,KAAKM,QAAnD;AAAA;AAAA;AAAA;AAAA,aAAwD;AAAA,MACxD,uBAAC,OAAE,WAAU,qBACX;AAAA,+BAAC,UAAK,WAAU,eAAc,sBAA9B;AAAA;AAAA;AAAA;AAAA,eAAoC;AAAA,QACnCN,KAAKM;AAAAA,WAFR;AAAA;AAAA;AAAA;AAAA,aAGA;AAAA,MACA,uBAAC,OAAE;AAAA;AAAA,QAASN,KAAKO,OAAOD;AAAAA,WAAxB;AAAA;AAAA;AAAA;AAAA,aAA6B;AAAA,MAC5BN,KAAKQ,QAAQ,uBAAC,OAAE;AAAA;AAAA,QAAOR,KAAKQ;AAAAA,WAAf;AAAA;AAAA;AAAA;AAAA,aAAoB;AAAA,MAClC,uBAAC,OACC,WACER,KAAKS,WAAW,UAAU,+BAA+B,4BAG3D;AAAA,+BAAC,UAAK,WAAU,0BAAyB,wBAAzC;AAAA;AAAA;AAAA;AAAA,eAAiD;AAAA,QAChDT,KAAKS;AAAAA,WANR;AAAA;AAAA;AAAA;AAAA,aAOA;AAAA,MACA,uBAAC,OAAE;AAAA;AAAA,QAAUT,KAAKU;AAAAA,WAAlB;AAAA;AAAA;AAAA;AAAA,aAA0B;AAAA,MAC1B,uBAAC,OAAE;AAAA;AAAA,QAASV,KAAKW;AAAAA,WAAjB;AAAA;AAAA;AAAA;AAAA,aAAwB;AAAA,MACxB,uBAAC,OAAE;AAAA;AAAA,QAAWX,KAAKY,SAASN;AAAAA,WAA5B;AAAA;AAAA;AAAA;AAAA,aAAiC;AAAA,MACjC,uBAAC,OAAE,WAAU,WAAU;AAAA;AAAA,QAAU,IAAIO,KAAKb,KAAKc,OAAO,EAAEC,aAAY;AAAA,WAApE;AAAA;AAAA;AAAA;AAAA,aAAuE;AAAA,MACvE,uBAAC,OAAE,WAAU,2BAA0B;AAAA;AAAA,QAAKf,KAAKgB;AAAAA,WAAjD;AAAA;AAAA;AAAA;AAAA,aAAoD;AAAA,SAtDtD;AAAA;AAAA;AAAA;AAAA,WAuDA;AAAA,OA/DJ;AAAA;AAAA;AAAA;AAAA,SAiEA,KA1EF;AAAA;AAAA;AAAA;AAAA,SA2EA;AAEJ;AAACjB,GArFeJ,OAAK;AAAA,UACSD,wBAAwB;AAAA;AAAAuB,KADtCtB;AAAK,IAAAsB;AAAAC,aAAAD,IAAA",
      "names": [
        "useGetCharacterByIdQuery",
        "Modal",
        "heroID",
        "isVisible",
        "setVisible",
        "_s",
        "data",
        "isLoading",
        "handleClick",
        "e",
        "stopPropagation",
        "image",
        "name",
        "origin",
        "type",
        "status",
        "species",
        "gender",
        "location",
        "Date",
        "created",
        "toDateString",
        "id",
        "_c",
        "$RefreshReg$"
      ],
      "sources": [
        "D:/RSSchool React/rss-react/react-module01/src/components/modal.tsx"
      ],
      "file": "D:/RSSchool React/rss-react/react-module01/src/components/modal.tsx"
    },
    "_coverageSchema": "1a1c01bbd47fc00a2c39e90264f33305004495a9",
    "hash": "856d4c25cb082c62f368a2a44a5ba6cea500d317"
  },
  "D:/RSSchool React/rss-react/react-module01/src/pages/homePage.tsx": {
    "path": "D:/RSSchool React/rss-react/react-module01/src/pages/homePage.tsx",
    "statementMap": {
      "0": {
        "start": {
          "line": 5,
          "column": 0
        },
        "end": {
          "line": 15,
          "column": 1
        }
      },
      "1": {
        "start": {
          "line": 6,
          "column": 2
        },
        "end": {
          "line": 8,
          "column": 3
        }
      },
      "2": {
        "start": {
          "line": 7,
          "column": 4
        },
        "end": {
          "line": 7,
          "column": 165
        }
      },
      "3": {
        "start": {
          "line": 9,
          "column": 2
        },
        "end": {
          "line": 9,
          "column": 39
        }
      },
      "4": {
        "start": {
          "line": 10,
          "column": 2
        },
        "end": {
          "line": 10,
          "column": 39
        }
      },
      "5": {
        "start": {
          "line": 11,
          "column": 2
        },
        "end": {
          "line": 13,
          "column": 4
        }
      },
      "6": {
        "start": {
          "line": 12,
          "column": 4
        },
        "end": {
          "line": 12,
          "column": 109
        }
      },
      "7": {
        "start": {
          "line": 14,
          "column": 2
        },
        "end": {
          "line": 14,
          "column": 75
        }
      },
      "8": {
        "start": {
          "line": 16,
[...]
            "line": 6,
            "column": 2
          },
          "end": {
            "line": 8,
            "column": 3
          }
        },
        "type": "if",
        "locations": [
          {
            "start": {
              "line": 6,
              "column": 2
            },
            "end": {
              "line": 8,
              "column": 3
            }
          },
          {
            "start": {},
            "end": {}
          }
        ],
        "line": 6
      },
      "2": {
        "loc": {
          "start": {
            "line": 64,
            "column": 12
          },
          "end": {
            "line": 64,
            "column": 43
          }
        },
        "type": "cond-expr",
        "locations": [
          {
            "start": {
              "line": 64,
              "column": 23
            },
            "end": {
              "line": 64,
              "column": 38
            }
          },
          {
            "start": {
              "line": 64,
              "column": 41
            },
            "end": {
              "line": 64,
              "column": 43
            }
          }
        ],
        "line": 64
      },
      "3": {
        "loc": {
          "start": {
            "line": 71,
            "column": 12
          },
          "end": {
            "line": 71,
            "column": 43
          }
        },
        "type": "cond-expr",
        "locations": [
          {
            "start": {
              "line": 71,
              "column": 23
            },
            "end": {
              "line": 71,
              "column": 38
            }
          },
          {
            "start": {
              "line": 71,
              "column": 41
            },
            "end": {
              "line": 71,
              "column": 43
            }
          }
        ],
        "line": 71
      },
      "4": {
        "loc": {
          "start": {
            "line": 78,
            "column": 12
          },
          "end": {
            "line": 78,
            "column": 43
          }
        },
        "type": "cond-expr",
        "locations": [
          {
            "start": {
              "line": 78,
              "column": 23
            },
            "end": {
              "line": 78,
              "column": 38
            }
          },
          {
            "start": {
              "line": 78,
              "column": 41
            },
            "end": {
              "line": 78,
              "column": 43
            }
          }
        ],
        "line": 78
      },
      "5": {
        "loc": {
          "start": {
            "line": 105,
            "column": 0
          },
          "end": {
            "line": 121,
            "column": 1
          }
        },
        "type": "if",
        "locations": [
          {
            "start": {
              "line": 105,
              "column": 0
            },
            "end": {
              "line": 121,
              "column": 1
            }
          },
          {
            "start": {},
            "end": {}
          }
        ],
        "line": 105
      },
      "6": {
        "loc": {
          "start": {
            "line": 114,
            "column": 6
          },
          "end": {
            "line": 115,
            "column": 15
          }
        },
        "type": "if",
        "locations": [
          {
            "start": {
              "line": 114,
              "column": 6
            },
            "end": {
              "line": 115,
              "column": 15
            }
          },
          {
            "start": {},
            "end": {}
          }
        ],
        "line": 114
      },
      "7": {
        "loc": {
          "start": {
            "line": 117,
            "column": 6
          },
          "end": {
            "line": 118,
            "column": 54
          }
        },
        "type": "if",
        "locations": [
          {
            "start": {
              "line": 117,
              "column": 6
            },
            "end": {
              "line": 118,
              "column": 54
            }
          },
          {
            "start": {},
            "end": {}
          }
        ],
        "line": 117
      }
    },
    "s": {
      "0": 6,
      "1": 6,
      "2": 0,
      "3": 6,
      "4": 6,
      "5": 6,
      "6": 30,
      "7": 6,
      "8": 12,
      "9": 6,
      "10": 0,
      "11": 6,
      "12": 2,
      "13": 6,
      "14": 2,
      "15": 6,
      "16": 12,
      "17": 16,
      "18": 16,
      "19": 16,
      "20": 6,
      "21": 6,
      "22": 6,
      "23": 6,
      "24": 6,
      "25": 6,
      "26": 6,
      "27": 6,
      "28": 6,
      "29": 6,
      "30": 4,
      "31": 4,
      "32": 0,
      "33": 0,
      "34": 0,
      "35": 0,
      "36": 0
    },
    "f": {
      "0": 30,
      "1": 12,
      "2": 0,
      "3": 2,
      "4": 2,
      "5": 12,
      "6": 16,
      "7": 16,
      "8": 16,
      "9": 4,
      "10": 0
    },
    "b": {
      "0": [
        6,
        0
      ],
      "1": [
        0,
        6
      ],
      "2": [
        12,
        4
      ],
      "3": [
        0,
        16
      ],
      "4": [
        2,
        14
      ],
      "5": [
        6,
        0
      ],
      "6": [
        0,
        0
      ],
      "7": [
        0,
        0
      ]
    },
    "inputSourceMap": {
      "version": 3,
      "mappings": "AAIS;AAJT,OAAOA,oBAAkB;AAAA;AAAA;AAAA;AAAA;AAAA;AAAA;AAAA;AAAA;AAAA;AAAA;AAAA;AAAA;AAAA;AACzB,SAASC,SAASC,cAAc;AAEzB,gBAASC,YAAY;AAC1B,SAAO,uBAAC,UAAK,oBAAN;AAAA;AAAA;AAAA;AAAA,SAAU;AACnB;AAACC,KAFeD;AAIT,gBAASE,aAAa;AAC3B,SAAO,uBAAC,UAAK,wBAAN;AAAA;AAAA;AAAA;AAAA,SAAc;AACvB;AAACC,MAFeD;AAGT,gBAASE,gBAAgB;AAC9B,SAAO,uBAAC,UAAK,yCAAN;AAAA;AAAA;AAAA;AAAA,SAA+B;AACxC;AAACC,MAFeD;AAGT,gBAASE,YAAY;AAC1B,SAAO,uBAAC,UAAK,qBAAN;AAAA;AAAA;AAAA;AAAA,SAAW;AACpB;AAACC,MAFeD;AAIT,gBAASE,aAAa;AAC3B,SACE,uBAAC,YAAO,WAAU,oCAChB,iCAAC,SAAI,WAAU,qFACb;AAAA,2BAAC,UAAK,WAAU,aAAY,qBAA5B;AAAA;AAAA;AAAA;AAAA,WAAiC;AAAA,IACjC,uBAAC,YAAD;AAAA;AAAA;AAAA;AAAA,WAAO;AAAA,IACP,uBAAC,UAAK,WAAU,cACd;AAAA,6BAAC,WAAQ,IAAG,KAAI,WAAW,CAAC;AAAA,QAAEC;AAAAA,MAAS,MAAOA,WAAW,kBAAkB,IAAI,oBAA/E;AAAA;AAAA;AAAA;AAAA,aAEA;AAAA,MACA,uBAAC,WAAQ,IAAG,UAAS,WAAW,CAAC;AAAA,QAAEA;AAAAA,MAAS,MAAOA,WAAW,kBAAkB,IAAI,wBAApF;AAAA;AAAA;AAAA;AAAA,aAEA;AAAA,MACA,uBAAC,WAAQ,IAAG,SAAQ,WAAW,CAAC;AAAA,QAAEA;AAAAA,MAAS,MAAOA,WAAW,kBAAkB,IAAI,qBAAnF;AAAA;AAAA;AAAA;AAAA,aAEA;AAAA,SATF;AAAA;AAAA;AAAA;AAAA,WAUA;AAAA,OAbF;AAAA;AAAA;AAAA;AAAA,SAcA,KAfF;AAAA;AAAA;AAAA;AAAA,SAgBA;AAEJ;AAACC,MApBeF;AAAU,IAAAP,IAAAE,KAAAE,KAAAE,KAAAG;AAAAC,aAAAV,IAAA;AAAAU,aAAAR,KAAA;AAAAQ,aAAAN,KAAA;AAAAM,aAAAJ,KAAA;AAAAI,aAAAD,KAAA",
      "names": [
        "React",
        "NavLink",
        "Outlet",
        "HomeTitle",
        "_c",
        "AboutTitle",
        "_c2",
        "NotFoundTitle",
        "_c3",
        "FormTitle",
        "_c4",
        "Navigation",
        "isActive",
        "_c5",
        "$RefreshReg$"
      ],
      "sources": [
        "D:/RSSchool React/rss-react/react-module01/src/components/navigation.tsx"
      ],
      "file": "D:/RSSchool React/rss-react/react-module01/src/components/navigation.tsx"
    },
    "_coverageSchema": "1a1c01bbd47fc00a2c39e90264f33305004495a9",
    "hash": "57e96ebe79ab032297ecdaac3c328df46a66433e"
  },
  "D:/RSSchool React/rss-react/react-module01/src/App.tsx": {
    "path": "D:/RSSchool React/rss-react/react-module01/src/App.tsx",
    "statementMap": {
      "0": {
        "start": {
          "line": 5,
          "column": 0
        },
        "end": {
          "line": 15,
          "column": 1
        }
      },
      "1": {
        "start": {
          "line": 6,
          "column": 2
        },
        "end": {
          "line": 8,
          "column": 3
        }
      },
      "2": {
        "start": {
          "line": 7,
          "column": 4
        },
        "end": {
          "line": 7,
          "column": 165
        }
      },
      "3": {
        "start": {
          "line": 9,
          "column": 2
        },
        "end": {
          "line": 9,
          "column": 39
        }
      },
      "4": {
        "start": {
          "line": 10,
          "column": 2
        },
        "end": {
          "line": 10,
          "column": 39
        }
      },
      "5": {
        "start": {
          "line": 11,
          "column": 2
        },
        "end": {
          "line": 13,
          "column": 4
        }
      },
      "6": {
        "start": {
          "line": 12,
          "column": 4
        },
        "end": {
          "line": 12,
          "column": 98
        }
      },
      "7": {
        "start": {
          "line": 14,
          "column": 2
        },
        "end": {
          "line": 14,
          "column": 75
        }
      },
      "8": {
        "start": {
          "line": 23,
          "column": 2
        },
        "end": {
          "line": 120,
          "column": 11
        }
      },
      "9": {
        "start": {
          "line": 122,
          "column": 0
        },
        "end": {
          "line": 122,
          "column": 9
        }
      },
      "10": {
        "start": {
          "line": 125,
          "column": 0
        },
        "end": {
          "line": 125,
          "column": 24
        }
      },
      "11": {
        "start": {
          "line": 126,
          "column": 0
        },
        "end": {
          "line": 142,
          "column": 1
        }
      },
      "12": {
        "start": {
          "line": 127,
          "column": 2
        },
        "end": {
          "line": 127,
          "column": 39
        }
      },
      "13": {
        "start": {
          "line": 128,
          "column": 2
        },
        "end": {
          "line": 128,
          "column": 39
        }
      },
      "14": {
        "start": {
          "line": 129,
          "column": 2
        },
        "end": {
          "line": 141,
          "column": 5
        }
      },
      "15": {
        "start": {
          "line": 133,
          "column": 4
        },
        "end": {
          "line": 133,
          "column": 124
        }
      },
      "16": {
        "start": {
          "line": 134,
          "column": 4
        },
        "end": {
          "line": 140,
          "column": 7
        }
      },
      "17": {
        "start": {
          "line": 135,
          "column": 6
        },
        "end": {
          "line": 136,
          "column": 15
        }
      },
      "18": {
        "start": {
          "line": 136,
          "column": 8
        },
        "end": {
          "line": 136,
          "column": 15
        }
      },
      "19": {
        "start": {
          "line": 137,
          "column": 32
        },
        "end": {
          "line": 137,
          "column": 115
        }
      },
      "20": {
        "start": {
          "line": 138,
          "column": 6
        },
        "end": {
          "line": 139,
          "column": 54
        }
      },
      "21": {
        "start": {
          "line": 139,
          "column": 8
        },
        "end": {
          "line": 139,
          "column": 54
        }
      }
    },
    "fnMap": {
      "0": {
        "name": "(anonymous_0)",
        "decl": {
          "start": {
            "line": 11,
            "column": 24
          },
          "end": {
            "line": 11,
            "column": 25
          }
        },
        "loc": {
          "start": {
            "line": 11,
            "column": 38
          },
          "end": {
            "line": 13,
            "column": 3
          }
        },
        "line": 11
      },
      "1": {
        "name": "App",
        "decl": {
          "start": {
            "line": 22,
            "column": 9
          },
          "end": {
            "line": 22,
            "column": 12
          }
        },
        "loc": {
          "start": {
            "line": 22,
            "column": 15
          },
          "end": {
            "line": 121,
            "column": 1
          }
        },
        "line": 22
      },
      "2": {
        "name": "(anonymous_2)",
        "decl": {
          "start": {
            "line": 132,
            "column": 9
          },
          "end": {
            "line": 132,
            "column": 10
          }
        },
        "loc": {
          "start": {
            "line": 132,
            "column": 29
          },
          "end": {
            "line": 141,
            "column": 3
          }
        },
        "line": 132
      },
      "3": {
        "name": "(anonymous_3)",
        "decl": {
          "start": {
            "line": 134,
            "column": 27
          },
          "end": {
            "line": 134,
            "column": 28
          }
        },
        "loc": {
          "start": {
            "line": 134,
            "column": 44
          },
          "end": {
            "line": 140,
            "column": 5
          }
        },
        "line": 134
      }
    },
    "branchMap": {
      "0": {
        "loc": {
          "start": {
            "line": 5,
            "column": 0
          },
          "end": {
            "line": 15,
            "column": 1
          }
        },
        "type": "if",
        "locations": [
          {
            "start": {
              "line": 5,
              "column": 0
            },
            "end": {
              "line": 15,
              "column": 1
            }
          },
          {
            "start": {},
            "end": {}
          }
        ],
        "line": 5
      },
      "1": {
        "loc": {
          "start": {
            "line": 6,
            "column": 2
          },
          "end": {
            "line": 8,
            "column": 3
          }
        },
        "type": "if",
        "locations": [
          {
            "start": {
              "line": 6,
              "column": 2
            },
            "end": {
              "line": 8,
              "column": 3
            }
          },
          {
            "start": {},
            "end": {}
          }
        ],
        "line": 6
      },
      "2": {
        "loc": {
          "start": {
            "line": 126,
            "column": 0
          },
          "end": {
            "line": 142,
            "column": 1
          }
        },
        "type": "if",
        "locations": [
          {
            "start": {
              "line": 126,
              "column": 0
            },
            "end": {
              "line": 142,
              "column": 1
            }
          },
          {
            "start": {},
            "end": {}
          }
        ],
        "line": 126
      },
      "3": {
        "loc": {
          "start": {
            "line": 135,
            "column": 6
          },
          "end": {
            "line": 136,
            "column": 15
          }
        },
        "type": "if",
        "locations": [
          {
            "start": {
              "line": 135,
              "column": 6
            },
            "end": {
              "line": 136,
              "column": 15
            }
          },
          {
            "start": {},
            "end": {}
          }
        ],
        "line": 135
      },
      "4": {
        "loc": {
          "start": {
            "line": 138,
            "column": 6
          },
          "end": {
            "line": 139,
            "column": 54
          }
        },
        "type": "if",
        "locations": [
          {
            "start": {
              "line": 138,
              "column": 6
            },
            "end": {
              "line": 139,
              "column": 54
            }
          },
          {
            "start": {},
            "end": {}
          }
        ],
        "line": 138
      }
    },
    "s": {
      "0": 6,
      "1": 6,
      "2": 0,
      "3": 6,
      "4": 6,
      "5": 6,
      "6": 6,
      "7": 6,
      "8": 12,
      "9": 6,
      "10": 6,
      "11": 6,
      "12": 6,
      "13": 6,
      "14": 6,
      "15": 4,
      "16": 4,
      "17": 0,
      "18": 0,
      "19": 0,
      "20": 0,
      "21": 0
    },
    "f": {
      "0": 6,
      "1": 12,
      "2": 4,
      "3": 0
    },
    "b": {
      "0": [
        6,
        0
      ],
      "1": [
        0,
        6
      ],
      "2": [
        6,
        0
      ],
      "3": [
        0,
        0
      ],
      "4": [
        0,
        0
      ]
    },
    "inputSourceMap": {
      "version": 3,
      "mappings": "AAgBI,mBAE6B,cAF7B;AAhBJ,2BAAqB;AAAQ,IAAkB;AAAA;AAAA;AAAA;AAAA;AAAA;AAAA;AAAA;AAAA;AAAA;AAAA;AAAA;AAAA;AAAA;AAC/C,SAASA,iBAAiB;AAC1B,SAASC,gBAAgB;AACzB,SAASC,gBAAgB;AAEzB,SAASC,OAAOC,cAAc;AAC9B,SACEC,YACAC,WACAC,YACAC,eACAC,iBACK;AAEP,SAASC,MAAM;AACb,SACE,mCACE;AAAA,2BAAC,UACC,iCAAC,SAAM,MAAK,KAAI,SAAS,uBAAC,gBAAD;AAAA;AAAA;AAAA;AAAA,WAAW,GAClC;AAAA,6BAAC,SAAM,OAAK,MAAC,SAAS,uBAAC,eAAD;AAAA;AAAA;AAAA;AAAA,aAAU,KAAhC;AAAA;AAAA;AAAA;AAAA,aAAoC;AAAA,MACpC,uBAAC,SAAM,MAAK,SAAQ,SAAS,uBAAC,gBAAD;AAAA;AAAA;AAAA;AAAA,aAAW,KAAxC;AAAA;AAAA;AAAA;AAAA,aAA4C;AAAA,MAC5C,uBAAC,SAAM,MAAK,KAAI,SAAS,uBAAC,mBAAD;AAAA;AAAA;AAAA;AAAA,aAAc,KAAvC;AAAA;AAAA;AAAA;AAAA,aAA2C;AAAA,MAC3C,uBAAC,SAAM,MAAK,SAAQ,SAAS,uBAAC,eAAD;AAAA;AAAA;AAAA;AAAA,aAAU,KAAvC;AAAA;AAAA;AAAA;AAAA,aAA2C;AAAA,SAJ7C;AAAA;AAAA;AAAA;AAAA,WAKA,KANF;AAAA;AAAA;AAAA;AAAA,WAOA;AAAA,IACA,uBAAC,UACC;AAAA,6BAAC,SAAM,MAAK,KAAI,SAAS,uBAAC,cAAD;AAAA;AAAA;AAAA;AAAA,aAAS,KAAlC;AAAA;AAAA;AAAA;AAAA,aAAsC;AAAA,MACtC,uBAAC,SAAM,MAAK,UAAS,SAAS,uBAAC,eAAD;AAAA;AAAA;AAAA;AAAA,aAAU,KAAxC;AAAA;AAAA;AAAA;AAAA,aAA4C;AAAA,MAC5C,uBAAC,SAAM,MAAK,SAAQ,SAAS,uBAAC,cAAD;AAAA;AAAA;AAAA;AAAA,aAAS,KAAtC;AAAA;AAAA;AAAA;AAAA,aAA0C;AAAA,MAC1C,uBAAC,SAAM,MAAK,KAAI,SAAS,uBAAC,kBAAD;AAAA;AAAA;AAAA;AAAA,aAAa,KAAtC;AAAA;AAAA;AAAA;AAAA,aAA0C;AAAA,SAJ5C;AAAA;AAAA;AAAA;AAAA,WAKA;AAAA,OAdF;AAAA;AAAA;AAAA;AAAA,SAeA;AAEJ;AAACC,KAnBQD;AAqBT,eAAeA;AAAI,IAAAC;AAAAC,aAAAD,IAAA",
      "names": [
        "AboutPage",
        "HomePage",
        "FormPage",
        "Route",
        "Routes",
        "Navigation",
        "HomeTitle",
        "AboutTitle",
        "NotFoundTitle",
        "FormTitle",
        "App",
        "_c",
        "$RefreshReg$"
      ],
      "sources": [
        "D:/RSSchool React/rss-react/react-module01/src/App.tsx"
      ],
      "file": "D:/RSSchool React/rss-react/react-module01/src/App.tsx"
    },
    "_coverageSchema": "1a1c01bbd47fc00a2c39e90264f33305004495a9",
    "hash": "84ab06859f39179b829cda5282585ee13e27b81d"
  },
  "D:/RSSchool React/rss-react/react-module01/src/entry-client.tsx": {
    "path": "D:/RSSchool React/rss-react/react-module01/src/entry-client.tsx",
    "statementMap": {
      "0": {
        "start": {
          "line": 9,
          "column": 0
        },
        "end": {
          "line": 25,
          "column": 10
        }
      }
    },
    "fnMap": {},
    "branchMap": {},
    "s": {
      "0": 6
    },
    "f": {},
    "b": {},
    "inputSourceMap": {
      "version": 3,
      "mappings": "AAaQ;AAbR,OAAOA,WAAW;AAClB,SAASC,mBAAmB;AAC5B,SAASC,qBAAqB;AAC9B,SAASC,gBAAgB;AACzB,OAAOC,WAAW;AAClB,OAAOC,SAAS;AAChB,OAAO;AAEPJ,YACEK,SAASC,eAAe,MAAM,GAC9B,uBAAC,MAAM,YAAN,EACC,iCAAC,YAAS,OACR,iCAAC,iBACC,iCAAC,SAAD;AAAA;AAAA;AAAA;AAAA,OAAI,KADN;AAAA;AAAA;AAAA;AAAA,OAEA,KAHF;AAAA;AAAA;AAAA;AAAA,OAIA,KALF;AAAA;AAAA;AAAA;AAAA,OAMA,CAAmB",
      "names": [
        "React",
        "hydrateRoot",
        "BrowserRouter",
        "Provider",
        "store",
        "App",
        "document",
        "getElementById"
      ],
      "sources": [
        "D:/RSSchool React/rss-react/react-module01/src/entry-client.tsx"
      ],
      "file": "D:/RSSchool React/rss-react/react-module01/src/entry-client.tsx"
    },
    "_coverageSchema": "1a1c01bbd47fc00a2c39e90264f33305004495a9",
    "hash": "f1f857479eb2ad9f64dc229d512b4de5c4079779"
  }
}